<?xml version="1.0" encoding="UTF-8"?>
<!-- Generated by org.testng.reporters.JUnitReportReporter -->
<testsuite hostname="LAPTOP-GFT8MLJQ" failures="0" tests="1" name="testScripts.Test2" time="74.749" errors="0" timestamp="2023-04-04T15:06:27 IST" skipped="0">
  <testcase classname="testScripts.Test2" name="test2" time="74.749"/>
  <system-out/>
</testsuite> <!-- testScripts.Test2 -->
