<?xml version="1.0" encoding="UTF-8"?>
<!-- Generated by org.testng.reporters.JUnitReportReporter -->
<testsuite hostname="LAPTOP-GFT8MLJQ" failures="0" tests="1" name="testScripts.Test3" time="18.242" errors="0" timestamp="2023-04-04T15:34:57 IST" skipped="0">
  <testcase classname="testScripts.Test3" name="test3" time="18.242"/>
  <system-out/>
</testsuite> <!-- testScripts.Test3 -->
